-encoding
UTF-8
-outxml
-source
1.6
-target
1.6
-classpath
C:\Users\vgladky\.m2\repository\junit\junit\4.11\junit-4.11.jar;C:\Users\vgladky\.m2\repository\log4j\log4j\1.2.17\log4j-1.2.17.jar;C:\Users\vgladky\.m2\repository\org\slf4j\slf4j-api\1.7.5\slf4j-api-1.7.5.jar;C:\Users\vgladky\.m2\repository\org\slf4j\jcl-over-slf4j\1.7.5\jcl-over-slf4j-1.7.5.jar;C:\Users\vgladky\.m2\repository\org\slf4j\slf4j-log4j12\1.7.5\slf4j-log4j12-1.7.5.jar;C:\Users\vgladky\.m2\repository\org\aspectj\aspectjrt\1.7.2\aspectjrt-1.7.2.jar;C:\Users\vgladky\.m2\repository\org\aspectj\aspectjweaver\1.7.2\aspectjweaver-1.7.2.jar;C:\Users\vgladky\.m2\repository\javax\servlet\servlet-api\2.5\servlet-api-2.5.jar;C:\Users\vgladky\.m2\repository\net\sf\flexjson\flexjson\2.1\flexjson-2.1.jar;C:\Users\vgladky\.m2\repository\org\apache\commons\commons-lang3\3.1\commons-lang3-3.1.jar;C:\Users\vgladky\.m2\repository\org\springframework\roo\org.springframework.roo.annotations\1.2.4.RELEASE\org.springframework.roo.annotations-1.2.4.RELEASE.jar;C:\Users\vgladky\.m2\repository\org\springframework\spring-core\3.2.3.RELEASE\spring-core-3.2.3.RELEASE.jar;C:\Users\vgladky\.m2\repository\org\springframework\spring-test\3.2.3.RELEASE\spring-test-3.2.3.RELEASE.jar;C:\Users\vgladky\.m2\repository\org\springframework\spring-context\3.2.3.RELEASE\spring-context-3.2.3.RELEASE.jar;C:\Users\vgladky\.m2\repository\org\springframework\spring-aop\3.2.3.RELEASE\spring-aop-3.2.3.RELEASE.jar;C:\Users\vgladky\.m2\repository\org\springframework\spring-aspects\3.2.3.RELEASE\spring-aspects-3.2.3.RELEASE.jar;C:\Users\vgladky\.m2\repository\net\sourceforge\jtds\jtds\1.2.4\jtds-1.2.4.jar;C:\Users\vgladky\.m2\repository\org\hibernate\hibernate-core\4.2.2.Final\hibernate-core-4.2.2.Final.jar;C:\Users\vgladky\.m2\repository\org\hibernate\hibernate-entitymanager\4.2.2.Final\hibernate-entitymanager-4.2.2.Final.jar;C:\Users\vgladky\.m2\repository\org\hibernate\javax\persistence\hibernate-jpa-2.0-api\1.0.1.Final\hibernate-jpa-2.0-api-1.0.1.Final.jar;C:\Users\vgladky\.m2\repository\commons-collections\commons-collections\3.2.1\commons-collections-3.2.1.jar;C:\Users\vgladky\.m2\repository\org\hibernate\hibernate-validator\4.3.1.Final\hibernate-validator-4.3.1.Final.jar;C:\Users\vgladky\.m2\repository\javax\validation\validation-api\1.0.0.GA\validation-api-1.0.0.GA.jar;C:\Users\vgladky\.m2\repository\javax\transaction\jta\1.1\jta-1.1.jar;C:\Users\vgladky\.m2\repository\org\springframework\spring-jdbc\3.2.3.RELEASE\spring-jdbc-3.2.3.RELEASE.jar;C:\Users\vgladky\.m2\repository\org\springframework\spring-orm\3.2.3.RELEASE\spring-orm-3.2.3.RELEASE.jar;C:\Users\vgladky\.m2\repository\commons-pool\commons-pool\1.5.6\commons-pool-1.5.6.jar;C:\Users\vgladky\.m2\repository\commons-dbcp\commons-dbcp\1.4\commons-dbcp-1.4.jar;C:\Users\vgladky\.m2\repository\org\springframework\data\spring-data-jpa\1.2.0.RELEASE\spring-data-jpa-1.2.0.RELEASE.jar;C:\Users\vgladky\.m2\repository\org\springframework\spring-webmvc\3.2.3.RELEASE\spring-webmvc-3.2.3.RELEASE.jar;C:\Users\vgladky\.m2\repository\org\springframework\webflow\spring-js-resources\2.2.1.RELEASE\spring-js-resources-2.2.1.RELEASE.jar;C:\Users\vgladky\.m2\repository\commons-digester\commons-digester\2.1\commons-digester-2.1.jar;C:\Users\vgladky\.m2\repository\commons-fileupload\commons-fileupload\1.2.2\commons-fileupload-1.2.2.jar;C:\Users\vgladky\.m2\repository\javax\servlet\jsp\jstl\jstl-api\1.2\jstl-api-1.2.jar;C:\Users\vgladky\.m2\repository\org\glassfish\web\jstl-impl\1.2\jstl-impl-1.2.jar;C:\Users\vgladky\.m2\repository\javax\el\el-api\2.2\el-api-2.2.jar;C:\Users\vgladky\.m2\repository\joda-time\joda-time\1.6\joda-time-1.6.jar;C:\Users\vgladky\.m2\repository\javax\servlet\jsp\jsp-api\2.1\jsp-api-2.1.jar;C:\Users\vgladky\.m2\repository\commons-codec\commons-codec\1.5\commons-codec-1.5.jar;C:\Users\vgladky\.m2\repository\org\apache\tiles\tiles-jsp\2.2.2\tiles-jsp-2.2.2.jar;C:\Users\vgladky\.m2\repository\commons-io\commons-io\2.1\commons-io-2.1.jar;C:\Users\vgladky\.m2\repository\org\springframework\spring-beans\3.2.3.RELEASE\spring-beans-3.2.3.RELEASE.jar;C:\Users\vgladky\.m2\repository\org\springframework\spring-expression\3.2.3.RELEASE\spring-expression-3.2.3.RELEASE.jar;C:\Users\vgladky\.m2\repository\aopalliance\aopalliance\1.0\aopalliance-1.0.jar;C:\Users\vgladky\.m2\repository\org\springframework\spring-context-support\3.2.3.RELEASE\spring-context-support-3.2.3.RELEASE.jar;C:\Users\vgladky\.m2\repository\antlr\antlr\2.7.7\antlr-2.7.7.jar;C:\Users\vgladky\.m2\repository\org\jboss\logging\jboss-logging\3.1.0.GA\jboss-logging-3.1.0.GA.jar;C:\Users\vgladky\.m2\repository\dom4j\dom4j\1.6.1\dom4j-1.6.1.jar;C:\Users\vgladky\.m2\repository\org\jboss\spec\javax\transaction\jboss-transaction-api_1.1_spec\1.0.1.Final\jboss-transaction-api_1.1_spec-1.0.1.Final.jar;C:\Users\vgladky\.m2\repository\org\hibernate\common\hibernate-commons-annotations\4.0.2.Final\hibernate-commons-annotations-4.0.2.Final.jar;C:\Users\vgladky\.m2\repository\org\javassist\javassist\3.15.0-GA\javassist-3.15.0-GA.jar;C:\Users\vgladky\.m2\repository\org\springframework\spring-tx\3.2.3.RELEASE\spring-tx-3.2.3.RELEASE.jar;C:\Users\vgladky\.m2\repository\org\springframework\data\spring-data-commons-core\1.4.0.RELEASE\spring-data-commons-core-1.4.0.RELEASE.jar;C:\Users\vgladky\.m2\repository\org\springframework\spring-web\3.2.3.RELEASE\spring-web-3.2.3.RELEASE.jar;C:\Users\vgladky\.m2\repository\commons-beanutils\commons-beanutils\1.8.3\commons-beanutils-1.8.3.jar;C:\Users\vgladky\.m2\repository\org\apache\tiles\tiles-servlet\2.2.2\tiles-servlet-2.2.2.jar;C:\Users\vgladky\.m2\repository\org\apache\tiles\tiles-core\2.2.2\tiles-core-2.2.2.jar;C:\Users\vgladky\.m2\repository\org\apache\tiles\tiles-template\2.2.2\tiles-template-2.2.2.jar;C:\Users\vgladky\.m2\repository\org\apache\tiles\tiles-api\2.2.2\tiles-api-2.2.2.jar;D:\springsource\workspace\LookOn\target\classes
-aspectpath
C:\Users\vgladky\.m2\repository\org\springframework\spring-aspects\3.2.3.RELEASE\spring-aspects-3.2.3.RELEASE.jar
-d
D:\springsource\workspace\LookOn\target\classes
D:\springsource\workspace\LookOn\src\main\java\com\reltecsoft\lookon\domain\Album.java
D:\springsource\workspace\LookOn\src\main\java\com\reltecsoft\lookon\domain\Album_Roo_JavaBean.aj
D:\springsource\workspace\LookOn\src\main\java\com\reltecsoft\lookon\domain\Album_Roo_Jpa_Entity.aj
D:\springsource\workspace\LookOn\src\main\java\com\reltecsoft\lookon\domain\Album_Roo_ToString.aj
D:\springsource\workspace\LookOn\src\main\java\com\reltecsoft\lookon\domain\Chat.java
D:\springsource\workspace\LookOn\src\main\java\com\reltecsoft\lookon\domain\ChatType.java
D:\springsource\workspace\LookOn\src\main\java\com\reltecsoft\lookon\domain\ChatType_Roo_JavaBean.aj
D:\springsource\workspace\LookOn\src\main\java\com\reltecsoft\lookon\domain\ChatType_Roo_Jpa_Entity.aj
D:\springsource\workspace\LookOn\src\main\java\com\reltecsoft\lookon\domain\ChatType_Roo_ToString.aj
D:\springsource\workspace\LookOn\src\main\java\com\reltecsoft\lookon\domain\Chat_Roo_JavaBean.aj
D:\springsource\workspace\LookOn\src\main\java\com\reltecsoft\lookon\domain\Chat_Roo_Jpa_Entity.aj
D:\springsource\workspace\LookOn\src\main\java\com\reltecsoft\lookon\domain\Chat_Roo_ToString.aj
D:\springsource\workspace\LookOn\src\main\java\com\reltecsoft\lookon\domain\Community.java
D:\springsource\workspace\LookOn\src\main\java\com\reltecsoft\lookon\domain\Community_Roo_JavaBean.aj
D:\springsource\workspace\LookOn\src\main\java\com\reltecsoft\lookon\domain\Community_Roo_Jpa_Entity.aj
D:\springsource\workspace\LookOn\src\main\java\com\reltecsoft\lookon\domain\Community_Roo_ToString.aj
D:\springsource\workspace\LookOn\src\main\java\com\reltecsoft\lookon\domain\Company.java
D:\springsource\workspace\LookOn\src\main\java\com\reltecsoft\lookon\domain\CompanyStatus.java
D:\springsource\workspace\LookOn\src\main\java\com\reltecsoft\lookon\domain\CompanyStatus_Roo_JavaBean.aj
D:\springsource\workspace\LookOn\src\main\java\com\reltecsoft\lookon\domain\CompanyStatus_Roo_Jpa_Entity.aj
D:\springsource\workspace\LookOn\src\main\java\com\reltecsoft\lookon\domain\CompanyStatus_Roo_ToString.aj
D:\springsource\workspace\LookOn\src\main\java\com\reltecsoft\lookon\domain\Company_Roo_JavaBean.aj
D:\springsource\workspace\LookOn\src\main\java\com\reltecsoft\lookon\domain\Company_Roo_Jpa_Entity.aj
D:\springsource\workspace\LookOn\src\main\java\com\reltecsoft\lookon\domain\Company_Roo_ToString.aj
D:\springsource\workspace\LookOn\src\main\java\com\reltecsoft\lookon\domain\Email.java
D:\springsource\workspace\LookOn\src\main\java\com\reltecsoft\lookon\domain\Email_Roo_JavaBean.aj
D:\springsource\workspace\LookOn\src\main\java\com\reltecsoft\lookon\domain\Email_Roo_Jpa_Entity.aj
D:\springsource\workspace\LookOn\src\main\java\com\reltecsoft\lookon\domain\Email_Roo_ToString.aj
D:\springsource\workspace\LookOn\src\main\java\com\reltecsoft\lookon\domain\Media.java
D:\springsource\workspace\LookOn\src\main\java\com\reltecsoft\lookon\domain\MediaType.java
D:\springsource\workspace\LookOn\src\main\java\com\reltecsoft\lookon\domain\MediaType_Roo_JavaBean.aj
D:\springsource\workspace\LookOn\src\main\java\com\reltecsoft\lookon\domain\MediaType_Roo_Jpa_Entity.aj
D:\springsource\workspace\LookOn\src\main\java\com\reltecsoft\lookon\domain\MediaType_Roo_ToString.aj
D:\springsource\workspace\LookOn\src\main\java\com\reltecsoft\lookon\domain\Media_Roo_JavaBean.aj
D:\springsource\workspace\LookOn\src\main\java\com\reltecsoft\lookon\domain\Media_Roo_Jpa_Entity.aj
D:\springsource\workspace\LookOn\src\main\java\com\reltecsoft\lookon\domain\Media_Roo_ToString.aj
D:\springsource\workspace\LookOn\src\main\java\com\reltecsoft\lookon\domain\Message.java
D:\springsource\workspace\LookOn\src\main\java\com\reltecsoft\lookon\domain\Message_Roo_JavaBean.aj
D:\springsource\workspace\LookOn\src\main\java\com\reltecsoft\lookon\domain\Message_Roo_Jpa_Entity.aj
D:\springsource\workspace\LookOn\src\main\java\com\reltecsoft\lookon\domain\Message_Roo_ToString.aj
D:\springsource\workspace\LookOn\src\main\java\com\reltecsoft\lookon\domain\Note.java
D:\springsource\workspace\LookOn\src\main\java\com\reltecsoft\lookon\domain\NotesType.java
D:\springsource\workspace\LookOn\src\main\java\com\reltecsoft\lookon\domain\NotesType_Roo_JavaBean.aj
D:\springsource\workspace\LookOn\src\main\java\com\reltecsoft\lookon\domain\NotesType_Roo_Jpa_Entity.aj
D:\springsource\workspace\LookOn\src\main\java\com\reltecsoft\lookon\domain\NotesType_Roo_ToString.aj
D:\springsource\workspace\LookOn\src\main\java\com\reltecsoft\lookon\domain\Note_Roo_JavaBean.aj
D:\springsource\workspace\LookOn\src\main\java\com\reltecsoft\lookon\domain\Note_Roo_Jpa_Entity.aj
D:\springsource\workspace\LookOn\src\main\java\com\reltecsoft\lookon\domain\Note_Roo_ToString.aj
D:\springsource\workspace\LookOn\src\main\java\com\reltecsoft\lookon\domain\Person.java
D:\springsource\workspace\LookOn\src\main\java\com\reltecsoft\lookon\domain\PersonStatus.java
D:\springsource\workspace\LookOn\src\main\java\com\reltecsoft\lookon\domain\PersonStatus_Roo_JavaBean.aj
D:\springsource\workspace\LookOn\src\main\java\com\reltecsoft\lookon\domain\PersonStatus_Roo_Jpa_Entity.aj
D:\springsource\workspace\LookOn\src\main\java\com\reltecsoft\lookon\domain\PersonStatus_Roo_ToString.aj
D:\springsource\workspace\LookOn\src\main\java\com\reltecsoft\lookon\domain\Person_Roo_JavaBean.aj
D:\springsource\workspace\LookOn\src\main\java\com\reltecsoft\lookon\domain\Person_Roo_Jpa_Entity.aj
D:\springsource\workspace\LookOn\src\main\java\com\reltecsoft\lookon\domain\Person_Roo_ToString.aj
D:\springsource\workspace\LookOn\src\main\java\com\reltecsoft\lookon\domain\Phone.java
D:\springsource\workspace\LookOn\src\main\java\com\reltecsoft\lookon\domain\Phone_Roo_JavaBean.aj
D:\springsource\workspace\LookOn\src\main\java\com\reltecsoft\lookon\domain\Phone_Roo_Jpa_Entity.aj
D:\springsource\workspace\LookOn\src\main\java\com\reltecsoft\lookon\domain\Phone_Roo_ToString.aj
D:\springsource\workspace\LookOn\src\main\java\com\reltecsoft\lookon\domain\Resume.java
D:\springsource\workspace\LookOn\src\main\java\com\reltecsoft\lookon\domain\Resume_Roo_JavaBean.aj
D:\springsource\workspace\LookOn\src\main\java\com\reltecsoft\lookon\domain\Resume_Roo_Jpa_Entity.aj
D:\springsource\workspace\LookOn\src\main\java\com\reltecsoft\lookon\domain\Resume_Roo_ToString.aj
D:\springsource\workspace\LookOn\src\main\java\com\reltecsoft\lookon\domain\UserWork.java
D:\springsource\workspace\LookOn\src\main\java\com\reltecsoft\lookon\domain\UserWork_Roo_JavaBean.aj
D:\springsource\workspace\LookOn\src\main\java\com\reltecsoft\lookon\domain\UserWork_Roo_Jpa_Entity.aj
D:\springsource\workspace\LookOn\src\main\java\com\reltecsoft\lookon\domain\UserWork_Roo_ToString.aj
D:\springsource\workspace\LookOn\src\main\java\com\reltecsoft\lookon\domain\WorkHistory.java
D:\springsource\workspace\LookOn\src\main\java\com\reltecsoft\lookon\domain\WorkHistory_Roo_JavaBean.aj
D:\springsource\workspace\LookOn\src\main\java\com\reltecsoft\lookon\domain\WorkHistory_Roo_Jpa_Entity.aj
D:\springsource\workspace\LookOn\src\main\java\com\reltecsoft\lookon\domain\WorkHistory_Roo_ToString.aj
D:\springsource\workspace\LookOn\src\main\java\com\reltecsoft\lookon\domain\WorkStatus.java
D:\springsource\workspace\LookOn\src\main\java\com\reltecsoft\lookon\domain\WorkStatus_Roo_JavaBean.aj
D:\springsource\workspace\LookOn\src\main\java\com\reltecsoft\lookon\domain\WorkStatus_Roo_Jpa_Entity.aj
D:\springsource\workspace\LookOn\src\main\java\com\reltecsoft\lookon\domain\WorkStatus_Roo_ToString.aj
D:\springsource\workspace\LookOn\src\main\java\com\reltecsoft\lookon\repository\AlbumRepository.java
D:\springsource\workspace\LookOn\src\main\java\com\reltecsoft\lookon\repository\AlbumRepository_Roo_Jpa_Repository.aj
D:\springsource\workspace\LookOn\src\main\java\com\reltecsoft\lookon\repository\ChatRepository.java
D:\springsource\workspace\LookOn\src\main\java\com\reltecsoft\lookon\repository\ChatRepository_Roo_Jpa_Repository.aj
D:\springsource\workspace\LookOn\src\main\java\com\reltecsoft\lookon\repository\ChatTypeRepository.java
D:\springsource\workspace\LookOn\src\main\java\com\reltecsoft\lookon\repository\ChatTypeRepository_Roo_Jpa_Repository.aj
D:\springsource\workspace\LookOn\src\main\java\com\reltecsoft\lookon\repository\CommunityRepository.java
D:\springsource\workspace\LookOn\src\main\java\com\reltecsoft\lookon\repository\CommunityRepository_Roo_Jpa_Repository.aj
D:\springsource\workspace\LookOn\src\main\java\com\reltecsoft\lookon\repository\CompanyRepository.java
D:\springsource\workspace\LookOn\src\main\java\com\reltecsoft\lookon\repository\CompanyRepository_Roo_Jpa_Repository.aj
D:\springsource\workspace\LookOn\src\main\java\com\reltecsoft\lookon\repository\CompanyStatusRepository.java
D:\springsource\workspace\LookOn\src\main\java\com\reltecsoft\lookon\repository\CompanyStatusRepository_Roo_Jpa_Repository.aj
D:\springsource\workspace\LookOn\src\main\java\com\reltecsoft\lookon\repository\MediaRepository.java
D:\springsource\workspace\LookOn\src\main\java\com\reltecsoft\lookon\repository\MediaRepository_Roo_Jpa_Repository.aj
D:\springsource\workspace\LookOn\src\main\java\com\reltecsoft\lookon\repository\MediaTypeRepository.java
D:\springsource\workspace\LookOn\src\main\java\com\reltecsoft\lookon\repository\MediaTypeRepository_Roo_Jpa_Repository.aj
D:\springsource\workspace\LookOn\src\main\java\com\reltecsoft\lookon\repository\MessageRepository.java
D:\springsource\workspace\LookOn\src\main\java\com\reltecsoft\lookon\repository\MessageRepository_Roo_Jpa_Repository.aj
D:\springsource\workspace\LookOn\src\main\java\com\reltecsoft\lookon\repository\NoteRepository.java
D:\springsource\workspace\LookOn\src\main\java\com\reltecsoft\lookon\repository\NoteRepository_Roo_Jpa_Repository.aj
D:\springsource\workspace\LookOn\src\main\java\com\reltecsoft\lookon\repository\NotesTypeRepository.java
D:\springsource\workspace\LookOn\src\main\java\com\reltecsoft\lookon\repository\NotesTypeRepository_Roo_Jpa_Repository.aj
D:\springsource\workspace\LookOn\src\main\java\com\reltecsoft\lookon\repository\PersonRepository.java
D:\springsource\workspace\LookOn\src\main\java\com\reltecsoft\lookon\repository\PersonRepository_Roo_Jpa_Repository.aj
D:\springsource\workspace\LookOn\src\main\java\com\reltecsoft\lookon\repository\PersonStatusRepository.java
D:\springsource\workspace\LookOn\src\main\java\com\reltecsoft\lookon\repository\PersonStatusRepository_Roo_Jpa_Repository.aj
D:\springsource\workspace\LookOn\src\main\java\com\reltecsoft\lookon\repository\ResumeRepository.java
D:\springsource\workspace\LookOn\src\main\java\com\reltecsoft\lookon\repository\ResumeRepository_Roo_Jpa_Repository.aj
D:\springsource\workspace\LookOn\src\main\java\com\reltecsoft\lookon\repository\UserWorkRepository.java
D:\springsource\workspace\LookOn\src\main\java\com\reltecsoft\lookon\repository\UserWorkRepository_Roo_Jpa_Repository.aj
D:\springsource\workspace\LookOn\src\main\java\com\reltecsoft\lookon\repository\WorkHistoryRepository.java
D:\springsource\workspace\LookOn\src\main\java\com\reltecsoft\lookon\repository\WorkHistoryRepository_Roo_Jpa_Repository.aj
D:\springsource\workspace\LookOn\src\main\java\com\reltecsoft\lookon\repository\WorkStatusRepository.java
D:\springsource\workspace\LookOn\src\main\java\com\reltecsoft\lookon\repository\WorkStatusRepository_Roo_Jpa_Repository.aj
D:\springsource\workspace\LookOn\src\main\java\com\reltecsoft\lookon\service\AlbumService.java
D:\springsource\workspace\LookOn\src\main\java\com\reltecsoft\lookon\service\AlbumServiceImpl.java
D:\springsource\workspace\LookOn\src\main\java\com\reltecsoft\lookon\service\AlbumServiceImpl_Roo_Service.aj
D:\springsource\workspace\LookOn\src\main\java\com\reltecsoft\lookon\service\AlbumService_Roo_Service.aj
D:\springsource\workspace\LookOn\src\main\java\com\reltecsoft\lookon\service\ChatService.java
D:\springsource\workspace\LookOn\src\main\java\com\reltecsoft\lookon\service\ChatServiceImpl.java
D:\springsource\workspace\LookOn\src\main\java\com\reltecsoft\lookon\service\ChatServiceImpl_Roo_Service.aj
D:\springsource\workspace\LookOn\src\main\java\com\reltecsoft\lookon\service\ChatService_Roo_Service.aj
D:\springsource\workspace\LookOn\src\main\java\com\reltecsoft\lookon\service\ChatTypeService.java
D:\springsource\workspace\LookOn\src\main\java\com\reltecsoft\lookon\service\ChatTypeServiceImpl.java
D:\springsource\workspace\LookOn\src\main\java\com\reltecsoft\lookon\service\ChatTypeServiceImpl_Roo_Service.aj
D:\springsource\workspace\LookOn\src\main\java\com\reltecsoft\lookon\service\ChatTypeService_Roo_Service.aj
D:\springsource\workspace\LookOn\src\main\java\com\reltecsoft\lookon\service\CommunityService.java
D:\springsource\workspace\LookOn\src\main\java\com\reltecsoft\lookon\service\CommunityServiceImpl.java
D:\springsource\workspace\LookOn\src\main\java\com\reltecsoft\lookon\service\CommunityServiceImpl_Roo_Service.aj
D:\springsource\workspace\LookOn\src\main\java\com\reltecsoft\lookon\service\CommunityService_Roo_Service.aj
D:\springsource\workspace\LookOn\src\main\java\com\reltecsoft\lookon\service\CompanyService.java
D:\springsource\workspace\LookOn\src\main\java\com\reltecsoft\lookon\service\CompanyServiceImpl.java
D:\springsource\workspace\LookOn\src\main\java\com\reltecsoft\lookon\service\CompanyServiceImpl_Roo_Service.aj
D:\springsource\workspace\LookOn\src\main\java\com\reltecsoft\lookon\service\CompanyService_Roo_Service.aj
D:\springsource\workspace\LookOn\src\main\java\com\reltecsoft\lookon\service\CompanyStatusService.java
D:\springsource\workspace\LookOn\src\main\java\com\reltecsoft\lookon\service\CompanyStatusServiceImpl.java
D:\springsource\workspace\LookOn\src\main\java\com\reltecsoft\lookon\service\CompanyStatusServiceImpl_Roo_Service.aj
D:\springsource\workspace\LookOn\src\main\java\com\reltecsoft\lookon\service\CompanyStatusService_Roo_Service.aj
D:\springsource\workspace\LookOn\src\main\java\com\reltecsoft\lookon\service\MediaService.java
D:\springsource\workspace\LookOn\src\main\java\com\reltecsoft\lookon\service\MediaServiceImpl.java
D:\springsource\workspace\LookOn\src\main\java\com\reltecsoft\lookon\service\MediaServiceImpl_Roo_Service.aj
D:\springsource\workspace\LookOn\src\main\java\com\reltecsoft\lookon\service\MediaService_Roo_Service.aj
D:\springsource\workspace\LookOn\src\main\java\com\reltecsoft\lookon\service\MediaTypeService.java
D:\springsource\workspace\LookOn\src\main\java\com\reltecsoft\lookon\service\MediaTypeServiceImpl.java
D:\springsource\workspace\LookOn\src\main\java\com\reltecsoft\lookon\service\MediaTypeServiceImpl_Roo_Service.aj
D:\springsource\workspace\LookOn\src\main\java\com\reltecsoft\lookon\service\MediaTypeService_Roo_Service.aj
D:\springsource\workspace\LookOn\src\main\java\com\reltecsoft\lookon\service\MessageService.java
D:\springsource\workspace\LookOn\src\main\java\com\reltecsoft\lookon\service\MessageServiceImpl.java
D:\springsource\workspace\LookOn\src\main\java\com\reltecsoft\lookon\service\MessageServiceImpl_Roo_Service.aj
D:\springsource\workspace\LookOn\src\main\java\com\reltecsoft\lookon\service\MessageService_Roo_Service.aj
D:\springsource\workspace\LookOn\src\main\java\com\reltecsoft\lookon\service\NoteService.java
D:\springsource\workspace\LookOn\src\main\java\com\reltecsoft\lookon\service\NoteServiceImpl.java
D:\springsource\workspace\LookOn\src\main\java\com\reltecsoft\lookon\service\NoteServiceImpl_Roo_Service.aj
D:\springsource\workspace\LookOn\src\main\java\com\reltecsoft\lookon\service\NoteService_Roo_Service.aj
D:\springsource\workspace\LookOn\src\main\java\com\reltecsoft\lookon\service\NotesTypeService.java
D:\springsource\workspace\LookOn\src\main\java\com\reltecsoft\lookon\service\NotesTypeServiceImpl.java
D:\springsource\workspace\LookOn\src\main\java\com\reltecsoft\lookon\service\NotesTypeServiceImpl_Roo_Service.aj
D:\springsource\workspace\LookOn\src\main\java\com\reltecsoft\lookon\service\NotesTypeService_Roo_Service.aj
D:\springsource\workspace\LookOn\src\main\java\com\reltecsoft\lookon\service\PersonService.java
D:\springsource\workspace\LookOn\src\main\java\com\reltecsoft\lookon\service\PersonServiceImpl.java
D:\springsource\workspace\LookOn\src\main\java\com\reltecsoft\lookon\service\PersonServiceImpl_Roo_Service.aj
D:\springsource\workspace\LookOn\src\main\java\com\reltecsoft\lookon\service\PersonService_Roo_Service.aj
D:\springsource\workspace\LookOn\src\main\java\com\reltecsoft\lookon\service\PersonStatusService.java
D:\springsource\workspace\LookOn\src\main\java\com\reltecsoft\lookon\service\PersonStatusServiceImpl.java
D:\springsource\workspace\LookOn\src\main\java\com\reltecsoft\lookon\service\PersonStatusServiceImpl_Roo_Service.aj
D:\springsource\workspace\LookOn\src\main\java\com\reltecsoft\lookon\service\PersonStatusService_Roo_Service.aj
D:\springsource\workspace\LookOn\src\main\java\com\reltecsoft\lookon\service\ResumeService.java
D:\springsource\workspace\LookOn\src\main\java\com\reltecsoft\lookon\service\ResumeServiceImpl.java
D:\springsource\workspace\LookOn\src\main\java\com\reltecsoft\lookon\service\ResumeServiceImpl_Roo_Service.aj
D:\springsource\workspace\LookOn\src\main\java\com\reltecsoft\lookon\service\ResumeService_Roo_Service.aj
D:\springsource\workspace\LookOn\src\main\java\com\reltecsoft\lookon\service\UserWorkService.java
D:\springsource\workspace\LookOn\src\main\java\com\reltecsoft\lookon\service\UserWorkServiceImpl.java
D:\springsource\workspace\LookOn\src\main\java\com\reltecsoft\lookon\service\UserWorkServiceImpl_Roo_Service.aj
D:\springsource\workspace\LookOn\src\main\java\com\reltecsoft\lookon\service\UserWorkService_Roo_Service.aj
D:\springsource\workspace\LookOn\src\main\java\com\reltecsoft\lookon\service\WorkHistoryService.java
D:\springsource\workspace\LookOn\src\main\java\com\reltecsoft\lookon\service\WorkHistoryServiceImpl.java
D:\springsource\workspace\LookOn\src\main\java\com\reltecsoft\lookon\service\WorkHistoryServiceImpl_Roo_Service.aj
D:\springsource\workspace\LookOn\src\main\java\com\reltecsoft\lookon\service\WorkHistoryService_Roo_Service.aj
D:\springsource\workspace\LookOn\src\main\java\com\reltecsoft\lookon\service\WorkStatusService.java
D:\springsource\workspace\LookOn\src\main\java\com\reltecsoft\lookon\service\WorkStatusServiceImpl.java
D:\springsource\workspace\LookOn\src\main\java\com\reltecsoft\lookon\service\WorkStatusServiceImpl_Roo_Service.aj
D:\springsource\workspace\LookOn\src\main\java\com\reltecsoft\lookon\service\WorkStatusService_Roo_Service.aj
